<?xml version="1.0" encoding="UTF-8"?>
<testng-results skipped="0" failed="0" ignored="0" total="1" passed="1">
  <reporter-output>
  </reporter-output>
  <suite name="InetBanking6" duration-ms="22301" started-at="2020-02-08T03:04:53 EST" finished-at="2020-02-08T03:05:15 EST">
    <groups>
    </groups>
    <test name="BankingApp Test" duration-ms="22301" started-at="2020-02-08T03:04:53 EST" finished-at="2020-02-08T03:05:15 EST">
      <class name="com.inetbanking.testCases.TC_AddCustomerTest_003">
        <test-method status="PASS" signature="setup(java.lang.String)[pri:0, instance:com.inetbanking.testCases.TC_AddCustomerTest_003@5a1c0542]" name="setup" is-config="true" duration-ms="9270" started-at="2020-02-08T03:04:53 EST" finished-at="2020-02-08T03:05:02 EST">
          <params>
            <param index="0">
              <value>
                <![CDATA[chrome]]>
              </value>
            </param>
          </params>
          <reporter-output>
          </reporter-output>
        </test-method> <!-- setup -->
        <test-method status="PASS" signature="addNewCustomer()[pri:0, instance:com.inetbanking.testCases.TC_AddCustomerTest_003@5a1c0542]" name="addNewCustomer" duration-ms="12143" started-at="2020-02-08T03:05:02 EST" finished-at="2020-02-08T03:05:14 EST">
          <reporter-output>
          </reporter-output>
        </test-method> <!-- addNewCustomer -->
        <test-method status="PASS" signature="tearDown()[pri:0, instance:com.inetbanking.testCases.TC_AddCustomerTest_003@5a1c0542]" name="tearDown" is-config="true" duration-ms="709" started-at="2020-02-08T03:05:14 EST" finished-at="2020-02-08T03:05:15 EST">
          <reporter-output>
          </reporter-output>
        </test-method> <!-- tearDown -->
      </class> <!-- com.inetbanking.testCases.TC_AddCustomerTest_003 -->
    </test> <!-- BankingApp Test -->
  </suite> <!-- InetBanking6 -->
</testng-results>
